<?xml version="1.0" encoding="UTF-8"?>
<testng-results ignored="0" total="1" passed="1" failed="0" skipped="0">
  <reporter-output>
  </reporter-output>
  <suite started-at="2024-10-27T10:58:13 IST" name="Default suite" finished-at="2024-10-27T10:58:54 IST" duration-ms="40853">
    <groups>
    </groups>
    <test started-at="2024-10-27T10:58:13 IST" name="Default test" finished-at="2024-10-27T10:58:54 IST" duration-ms="40853">
      <class name="Tests.allTESTSlevel">
        <test-method is-config="true" signature="setup()[pri:0, instance:Tests.allTESTSlevel@673fdbce]" started-at="2024-10-27T10:58:13 IST" name="setup" finished-at="2024-10-27T10:58:24 IST" duration-ms="11032" status="PASS">
          <reporter-output>
          </reporter-output>
        </test-method> <!-- setup -->
        <test-method signature="Login()[pri:0, instance:Tests.allTESTSlevel@673fdbce]" started-at="2024-10-27T10:58:24 IST" name="Login" finished-at="2024-10-27T10:58:54 IST" duration-ms="29784" status="PASS">
          <reporter-output>
          </reporter-output>
        </test-method> <!-- Login -->
      </class> <!-- Tests.allTESTSlevel -->
    </test> <!-- Default test -->
  </suite> <!-- Default suite -->
</testng-results>
